Experiment Start!!!
Running at 2024-11-02 18:22: clear
[H[2J[3JRunning at 2024-11-02 18:22: ulimit -s unlimited
Experiment Start!!!
Running all commands in one shell at 2024-11-02 18:26:
clear && ulimit -s unlimited && ulimit -c unlimited && ulimit -a && python train_model.py --config_path ./exper_config.py --exp_name TestConfig --density 0.01 --retrain 1 --rank 20 --density 0.01 --rounds 3 && python train_model.py --config_path ./exper_config.py --exp_name TestConfig --density 0.01 --retrain 1 --rank 40 --density 0.01 --rounds 3 && python train_model.py --config_path ./exper_config.py --exp_name TestConfig --density 0.01 --retrain 1 --rank 60 --density 0.01 --rounds 3 && python train_model.py --config_path ./exper_config.py --exp_name TestConfig --density 0.01 --retrain 1 --rank 80 --density 0.01 --rounds 3 && python train_model.py --config_path ./exper_config.py --exp_name TestConfig --density 0.01 --retrain 1 --rank 100 --density 0.01 --rounds 3 && python train_model.py --config_path ./exper_config.py --exp_name TestConfig --density 0.1 --retrain 1 --rank 20 --density 0.1 --rounds 3 && python train_model.py --config_path ./exper_config.py --exp_name TestConfig --density 0.1 --retrain 1 --rank 40 --density 0.1 --rounds 3 && python train_model.py --config_path ./exper_config.py --exp_name TestConfig --density 0.1 --retrain 1 --rank 60 --density 0.1 --rounds 3 && python train_model.py --config_path ./exper_config.py --exp_name TestConfig --density 0.1 --retrain 1 --rank 80 --density 0.1 --rounds 3 && python train_model.py --config_path ./exper_config.py --exp_name TestConfig --density 0.1 --retrain 1 --rank 100 --density 0.1 --rounds 3
Experiment Start!!!
Running all commands in one shell at 2024-11-02 18:27:
clear && ulimit -s unlimited && ulimit -c unlimited && ulimit -a && python train_model.py --config_path ./exper_config.py --exp_name TestConfig --density 0.01 --retrain 1 --rank 20 --density 0.01 --rounds 3 && python train_model.py --config_path ./exper_config.py --exp_name TestConfig --density 0.01 --retrain 1 --rank 40 --density 0.01 --rounds 3 && python train_model.py --config_path ./exper_config.py --exp_name TestConfig --density 0.01 --retrain 1 --rank 60 --density 0.01 --rounds 3 && python train_model.py --config_path ./exper_config.py --exp_name TestConfig --density 0.01 --retrain 1 --rank 80 --density 0.01 --rounds 3 && python train_model.py --config_path ./exper_config.py --exp_name TestConfig --density 0.01 --retrain 1 --rank 100 --density 0.01 --rounds 3 && python train_model.py --config_path ./exper_config.py --exp_name TestConfig --density 0.1 --retrain 1 --rank 20 --density 0.1 --rounds 3 && python train_model.py --config_path ./exper_config.py --exp_name TestConfig --density 0.1 --retrain 1 --rank 40 --density 0.1 --rounds 3 && python train_model.py --config_path ./exper_config.py --exp_name TestConfig --density 0.1 --retrain 1 --rank 60 --density 0.1 --rounds 3 && python train_model.py --config_path ./exper_config.py --exp_name TestConfig --density 0.1 --retrain 1 --rank 80 --density 0.1 --rounds 3 && python train_model.py --config_path ./exper_config.py --exp_name TestConfig --density 0.1 --retrain 1 --rank 100 --density 0.1 --rounds 3
One or more commands failed.
Experiment Start!!!
Running at 2024-11-02 18:40: python train_model.py --config_path ./exper_config.py --exp_name TestConfig --density 0.01 --retrain 1 --rank 20 --density 0.01 --rounds 3
Command failed, retrying in 3 seconds: python train_model.py --config_path ./exper_config.py --exp_name TestConfig --density 0.01 --retrain 1 --rank 20 --density 0.01 --rounds 3
Retrying at 2024-11-02 18:40: python train_model.py --config_path ./exper_config.py --exp_name TestConfig --density 0.01 --retrain 1 --rank 20 --density 0.01 --rounds 3
Command failed, retrying in 3 seconds: python train_model.py --config_path ./exper_config.py --exp_name TestConfig --density 0.01 --retrain 1 --rank 20 --density 0.01 --rounds 3
Experiment Start!!!
Running at 2024-11-02 18:40: python train_model.py --config_path ./exper_config.py --exp_name TestConfig --density 0.01 --retrain 1 --rank 20 --density 0.01 --rounds 3
Experiment Start!!!
Running at 2024-11-02 18:41: python train_model.py --config_path ./exper_config.py --exp_name TestConfig --density 0.01 --retrain 1 --rank 20 --density 0.01 --rounds 3
Command failed, retrying in 3 seconds: python train_model.py --config_path ./exper_config.py --exp_name TestConfig --density 0.01 --retrain 1 --rank 20 --density 0.01 --rounds 3
Retrying at 2024-11-02 18:52: python train_model.py --config_path ./exper_config.py --exp_name TestConfig --density 0.01 --retrain 1 --rank 20 --density 0.01 --rounds 3
Running at 2024-11-02 19:06: python train_model.py --config_path ./exper_config.py --exp_name TestConfig --density 0.01 --retrain 1 --rank 40 --density 0.01 --rounds 3
Command failed, retrying in 3 seconds: python train_model.py --config_path ./exper_config.py --exp_name TestConfig --density 0.01 --retrain 1 --rank 40 --density 0.01 --rounds 3
Retrying at 2024-11-02 19:14: python train_model.py --config_path ./exper_config.py --exp_name TestConfig --density 0.01 --retrain 1 --rank 40 --density 0.01 --rounds 3
Running at 2024-11-02 19:24: python train_model.py --config_path ./exper_config.py --exp_name TestConfig --density 0.01 --retrain 1 --rank 60 --density 0.01 --rounds 3
Running at 2024-11-02 19:33: python train_model.py --config_path ./exper_config.py --exp_name TestConfig --density 0.01 --retrain 1 --rank 80 --density 0.01 --rounds 3
Running at 2024-11-02 19:43: python train_model.py --config_path ./exper_config.py --exp_name TestConfig --density 0.01 --retrain 1 --rank 100 --density 0.01 --rounds 3
Running at 2024-11-02 20:00: python train_model.py --config_path ./exper_config.py --exp_name TestConfig --density 0.1 --retrain 1 --rank 20 --density 0.1 --rounds 3
Command failed, retrying in 3 seconds: python train_model.py --config_path ./exper_config.py --exp_name TestConfig --density 0.1 --retrain 1 --rank 20 --density 0.1 --rounds 3
Retrying at 2024-11-02 20:35: python train_model.py --config_path ./exper_config.py --exp_name TestConfig --density 0.1 --retrain 1 --rank 20 --density 0.1 --rounds 3
Running at 2024-11-02 22:07: python train_model.py --config_path ./exper_config.py --exp_name TestConfig --density 0.1 --retrain 1 --rank 40 --density 0.1 --rounds 3
Running at 2024-11-02 23:14: python train_model.py --config_path ./exper_config.py --exp_name TestConfig --density 0.1 --retrain 1 --rank 60 --density 0.1 --rounds 3
Running at 2024-11-03 00:09: python train_model.py --config_path ./exper_config.py --exp_name TestConfig --density 0.1 --retrain 1 --rank 80 --density 0.1 --rounds 3
Running at 2024-11-03 01:02: python train_model.py --config_path ./exper_config.py --exp_name TestConfig --density 0.1 --retrain 1 --rank 100 --density 0.1 --rounds 3
Command failed, retrying in 3 seconds: python train_model.py --config_path ./exper_config.py --exp_name TestConfig --density 0.1 --retrain 1 --rank 100 --density 0.1 --rounds 3
Retrying at 2024-11-03 01:11: python train_model.py --config_path ./exper_config.py --exp_name TestConfig --density 0.1 --retrain 1 --rank 100 --density 0.1 --rounds 3
Command failed, retrying in 3 seconds: python train_model.py --config_path ./exper_config.py --exp_name TestConfig --density 0.1 --retrain 1 --rank 100 --density 0.1 --rounds 3
Retrying at 2024-11-03 01:21: python train_model.py --config_path ./exper_config.py --exp_name TestConfig --density 0.1 --retrain 1 --rank 100 --density 0.1 --rounds 3
All commands executed successfully.
Experiment Start!!!
Running at 2024-11-03 03:50: python train_model.py --config_path ./exper_config.py --exp_name TestConfig --density 0.01 --retrain 1 --rank 100 --density 0.01 --rounds 3
Experiment Start!!!
Running at 2024-11-03 03:53: python train_model.py --config_path ./exper_config.py --exp_name TestConfig --density 0.01 --retrain 1 --rank 100 --density 0.01 --rounds 3
Running at 2024-11-03 04:11: python train_model.py --config_path ./exper_config.py --exp_name TestConfig --density 0.02 --retrain 1 --rank 100 --density 0.02 --rounds 3
Running at 2024-11-03 04:37: python train_model.py --config_path ./exper_config.py --exp_name TestConfig --density 0.025 --retrain 1 --rank 100 --density 0.025 --rounds 3
Running at 2024-11-03 05:07: python train_model.py --config_path ./exper_config.py --exp_name TestConfig --density 0.03 --retrain 1 --rank 100 --density 0.03 --rounds 3
Running at 2024-11-03 05:44: python train_model.py --config_path ./exper_config.py --exp_name TestConfig --density 0.04 --retrain 1 --rank 100 --density 0.04 --rounds 3
Running at 2024-11-03 06:28: python train_model.py --config_path ./exper_config.py --exp_name TestConfig --density 0.05 --retrain 1 --rank 100 --density 0.05 --rounds 3
Running at 2024-11-03 07:19: python train_model.py --config_path ./exper_config.py --exp_name TestConfig --density 0.06 --retrain 1 --rank 100 --density 0.06 --rounds 3
Running at 2024-11-03 08:17: python train_model.py --config_path ./exper_config.py --exp_name TestConfig --density 0.075 --retrain 1 --rank 100 --density 0.075 --rounds 3
Running at 2024-11-03 09:31: python train_model.py --config_path ./exper_config.py --exp_name TestConfig --density 0.08 --retrain 1 --rank 100 --density 0.08 --rounds 3
Command failed, retrying in 3 seconds: python train_model.py --config_path ./exper_config.py --exp_name TestConfig --density 0.08 --retrain 1 --rank 100 --density 0.08 --rounds 3
Retrying at 2024-11-03 10:33: python train_model.py --config_path ./exper_config.py --exp_name TestConfig --density 0.08 --retrain 1 --rank 100 --density 0.08 --rounds 3
Command failed, retrying in 3 seconds: python train_model.py --config_path ./exper_config.py --exp_name TestConfig --density 0.08 --retrain 1 --rank 100 --density 0.08 --rounds 3
Retrying at 2024-11-03 11:45: python train_model.py --config_path ./exper_config.py --exp_name TestConfig --density 0.08 --retrain 1 --rank 100 --density 0.08 --rounds 3
Running at 2024-11-03 13:06: python train_model.py --config_path ./exper_config.py --exp_name TestConfig --density 0.1 --retrain 1 --rank 100 --density 0.1 --rounds 3
All commands executed successfully.
Experiment Start!!!
Running at 2024-11-03 18:31: python train_model.py --config_path ./exper_config.py --exp_name TestConfig --density 0.01 --retrain 1 --rank 100 --density 0.01 --rounds 3
Command failed, retrying in 3 seconds: python train_model.py --config_path ./exper_config.py --exp_name TestConfig --density 0.01 --retrain 1 --rank 100 --density 0.01 --rounds 3
Retrying at 2024-11-03 18:31: python train_model.py --config_path ./exper_config.py --exp_name TestConfig --density 0.01 --retrain 1 --rank 100 --density 0.01 --rounds 3
Experiment Start!!!
Running at 2024-11-03 18:31: python train_model.py --config_path ./exper_config.py --exp_name TestConfig --density 0.01 --retrain 1 --rank 100 --density 0.01 --rounds 3
Command failed, retrying in 3 seconds: python train_model.py --config_path ./exper_config.py --exp_name TestConfig --density 0.01 --retrain 1 --rank 100 --density 0.01 --rounds 3
Retrying at 2024-11-03 18:34: python train_model.py --config_path ./exper_config.py --exp_name TestConfig --density 0.01 --retrain 1 --rank 100 --density 0.01 --rounds 3
Command failed, retrying in 3 seconds: python train_model.py --config_path ./exper_config.py --exp_name TestConfig --density 0.01 --retrain 1 --rank 100 --density 0.01 --rounds 3
Retrying at 2024-11-03 18:34: python train_model.py --config_path ./exper_config.py --exp_name TestConfig --density 0.01 --retrain 1 --rank 100 --density 0.01 --rounds 3
Command failed, retrying in 3 seconds: python train_model.py --config_path ./exper_config.py --exp_name TestConfig --density 0.01 --retrain 1 --rank 100 --density 0.01 --rounds 3
Retrying at 2024-11-03 18:38: python train_model.py --config_path ./exper_config.py --exp_name TestConfig --density 0.01 --retrain 1 --rank 100 --density 0.01 --rounds 3
Command failed, retrying in 3 seconds: python train_model.py --config_path ./exper_config.py --exp_name TestConfig --density 0.01 --retrain 1 --rank 100 --density 0.01 --rounds 3
Retrying at 2024-11-03 18:49: python train_model.py --config_path ./exper_config.py --exp_name TestConfig --density 0.01 --retrain 1 --rank 100 --density 0.01 --rounds 3
Command failed, retrying in 3 seconds: python train_model.py --config_path ./exper_config.py --exp_name TestConfig --density 0.01 --retrain 1 --rank 100 --density 0.01 --rounds 3
Retrying at 2024-11-03 18:50: python train_model.py --config_path ./exper_config.py --exp_name TestConfig --density 0.01 --retrain 1 --rank 100 --density 0.01 --rounds 3
Command failed, retrying in 3 seconds: python train_model.py --config_path ./exper_config.py --exp_name TestConfig --density 0.01 --retrain 1 --rank 100 --density 0.01 --rounds 3
Retrying at 2024-11-03 18:52: python train_model.py --config_path ./exper_config.py --exp_name TestConfig --density 0.01 --retrain 1 --rank 100 --density 0.01 --rounds 3
Command failed, retrying in 3 seconds: python train_model.py --config_path ./exper_config.py --exp_name TestConfig --density 0.01 --retrain 1 --rank 100 --density 0.01 --rounds 3
Retrying at 2024-11-03 18:53: python train_model.py --config_path ./exper_config.py --exp_name TestConfig --density 0.01 --retrain 1 --rank 100 --density 0.01 --rounds 3
Command failed, retrying in 3 seconds: python train_model.py --config_path ./exper_config.py --exp_name TestConfig --density 0.01 --retrain 1 --rank 100 --density 0.01 --rounds 3
Retrying at 2024-11-03 18:53: python train_model.py --config_path ./exper_config.py --exp_name TestConfig --density 0.01 --retrain 1 --rank 100 --density 0.01 --rounds 3
Command failed, retrying in 3 seconds: python train_model.py --config_path ./exper_config.py --exp_name TestConfig --density 0.01 --retrain 1 --rank 100 --density 0.01 --rounds 3
Retrying at 2024-11-03 18:54: python train_model.py --config_path ./exper_config.py --exp_name TestConfig --density 0.01 --retrain 1 --rank 100 --density 0.01 --rounds 3
Command failed, retrying in 3 seconds: python train_model.py --config_path ./exper_config.py --exp_name TestConfig --density 0.01 --retrain 1 --rank 100 --density 0.01 --rounds 3
Retrying at 2024-11-03 18:55: python train_model.py --config_path ./exper_config.py --exp_name TestConfig --density 0.01 --retrain 1 --rank 100 --density 0.01 --rounds 3
Command failed, retrying in 3 seconds: python train_model.py --config_path ./exper_config.py --exp_name TestConfig --density 0.01 --retrain 1 --rank 100 --density 0.01 --rounds 3
Retrying at 2024-11-03 18:57: python train_model.py --config_path ./exper_config.py --exp_name TestConfig --density 0.01 --retrain 1 --rank 100 --density 0.01 --rounds 3
Command failed, retrying in 3 seconds: python train_model.py --config_path ./exper_config.py --exp_name TestConfig --density 0.01 --retrain 1 --rank 100 --density 0.01 --rounds 3
Retrying at 2024-11-03 19:00: python train_model.py --config_path ./exper_config.py --exp_name TestConfig --density 0.01 --retrain 1 --rank 100 --density 0.01 --rounds 3
Command failed, retrying in 3 seconds: python train_model.py --config_path ./exper_config.py --exp_name TestConfig --density 0.01 --retrain 1 --rank 100 --density 0.01 --rounds 3
Retrying at 2024-11-03 19:02: python train_model.py --config_path ./exper_config.py --exp_name TestConfig --density 0.01 --retrain 1 --rank 100 --density 0.01 --rounds 3
Command failed, retrying in 3 seconds: python train_model.py --config_path ./exper_config.py --exp_name TestConfig --density 0.01 --retrain 1 --rank 100 --density 0.01 --rounds 3
Retrying at 2024-11-03 19:04: python train_model.py --config_path ./exper_config.py --exp_name TestConfig --density 0.01 --retrain 1 --rank 100 --density 0.01 --rounds 3
Command failed, retrying in 3 seconds: python train_model.py --config_path ./exper_config.py --exp_name TestConfig --density 0.01 --retrain 1 --rank 100 --density 0.01 --rounds 3
Retrying at 2024-11-03 19:05: python train_model.py --config_path ./exper_config.py --exp_name TestConfig --density 0.01 --retrain 1 --rank 100 --density 0.01 --rounds 3
Command failed, retrying in 3 seconds: python train_model.py --config_path ./exper_config.py --exp_name TestConfig --density 0.01 --retrain 1 --rank 100 --density 0.01 --rounds 3
Retrying at 2024-11-03 19:05: python train_model.py --config_path ./exper_config.py --exp_name TestConfig --density 0.01 --retrain 1 --rank 100 --density 0.01 --rounds 3
Command failed, retrying in 3 seconds: python train_model.py --config_path ./exper_config.py --exp_name TestConfig --density 0.01 --retrain 1 --rank 100 --density 0.01 --rounds 3
Retrying at 2024-11-03 19:07: python train_model.py --config_path ./exper_config.py --exp_name TestConfig --density 0.01 --retrain 1 --rank 100 --density 0.01 --rounds 3
Experiment Start!!!
Running at 2024-11-03 20:47: python train_model.py --config_path ./exper_config.py --exp_name TestConfig --density 0.01 --retrain 1 --rank 100 --density 0.01 --rounds 3
Experiment Start!!!
Running at 2024-11-03 20:49: python train_model.py --config_path ./exper_config.py --exp_name TestConfig --density 0.01 --retrain 1 --rank 100 --density 0.01 --rounds 3
Command failed, retrying in 3 seconds: python train_model.py --config_path ./exper_config.py --exp_name TestConfig --density 0.01 --retrain 1 --rank 100 --density 0.01 --rounds 3
Retrying at 2024-11-03 20:49: python train_model.py --config_path ./exper_config.py --exp_name TestConfig --density 0.01 --retrain 1 --rank 100 --density 0.01 --rounds 3
Command failed, retrying in 3 seconds: python train_model.py --config_path ./exper_config.py --exp_name TestConfig --density 0.01 --retrain 1 --rank 100 --density 0.01 --rounds 3
Retrying at 2024-11-03 20:49: python train_model.py --config_path ./exper_config.py --exp_name TestConfig --density 0.01 --retrain 1 --rank 100 --density 0.01 --rounds 3
Command failed, retrying in 3 seconds: python train_model.py --config_path ./exper_config.py --exp_name TestConfig --density 0.01 --retrain 1 --rank 100 --density 0.01 --rounds 3
Retrying at 2024-11-03 20:49: python train_model.py --config_path ./exper_config.py --exp_name TestConfig --density 0.01 --retrain 1 --rank 100 --density 0.01 --rounds 3
Command failed, retrying in 3 seconds: python train_model.py --config_path ./exper_config.py --exp_name TestConfig --density 0.01 --retrain 1 --rank 100 --density 0.01 --rounds 3
Experiment Start!!!
Running at 2024-11-03 20:50: python train_model.py --config_path ./exper_config.py --exp_name TestConfig --density 0.01 --retrain 1 --rank 100 --density 0.01 --rounds 3
Command failed, retrying in 3 seconds: python train_model.py --config_path ./exper_config.py --exp_name TestConfig --density 0.01 --retrain 1 --rank 100 --density 0.01 --rounds 3
Retrying at 2024-11-03 20:53: python train_model.py --config_path ./exper_config.py --exp_name TestConfig --density 0.01 --retrain 1 --rank 100 --density 0.01 --rounds 3
